e:\work\git\civ2-decompilation\code\c2dotnet\civ2dotnet\sdlwrapper\debug\vc143.pdb
e:\work\git\civ2-decompilation\code\c2dotnet\civ2dotnet\sdlwrapper\debug\vc143.idb
e:\work\git\civ2-decompilation\code\c2dotnet\civ2dotnet\sdlwrapper\debug\wrappist.obj
e:\work\git\civ2-decompilation\code\c2dotnet\civ2dotnet\sdlwrapper\debug\oldimports.obj
e:\work\git\civ2-decompilation\code\c2dotnet\civ2dotnet\sdlwrapper\debug\dllmain.obj
e:\work\git\civ2-decompilation\code\c2dotnet\civ2dotnet\sdlwrapper\debug\sdlwrapper.ilk
e:\work\git\civ2-decompilation\code\c2dotnet\civ2dotnet\debug\sdlwrapper.dll
e:\work\git\civ2-decompilation\code\c2dotnet\civ2dotnet\debug\sdlwrapper.pdb
d:\work\git\civ2-decompilation\code\c2dotnet\civ2dotnet\debug\sdlwrapper.lib
d:\work\git\civ2-decompilation\code\c2dotnet\civ2dotnet\debug\sdlwrapper.exp
d:\work\git\civ2-decompilation\code\c2dotnet\civ2dotnet\debug\sdl2_image.dll
d:\work\git\civ2-decompilation\code\c2dotnet\civ2dotnet\debug\sdl2d.dll
d:\work\git\civ2-decompilation\code\c2dotnet\civ2dotnet\debug\libpng16d.dll
d:\work\git\civ2-decompilation\code\c2dotnet\civ2dotnet\debug\zlibd1.dll
d:\work\git\civ2-decompilation\code\c2dotnet\civ2dotnet\debug\sdl2_ttf.dll
d:\work\git\civ2-decompilation\code\c2dotnet\civ2dotnet\debug\freetyped.dll
d:\work\git\civ2-decompilation\code\c2dotnet\civ2dotnet\debug\bz2d.dll
d:\work\git\civ2-decompilation\code\c2dotnet\civ2dotnet\debug\brotlidec.dll
d:\work\git\civ2-decompilation\code\c2dotnet\civ2dotnet\debug\brotlicommon.dll
e:\work\git\civ2-decompilation\code\c2dotnet\civ2dotnet\debug\sdlwrapper.lib
e:\work\git\civ2-decompilation\code\c2dotnet\civ2dotnet\debug\sdlwrapper.exp
e:\work\git\civ2-decompilation\code\c2dotnet\civ2dotnet\sdlwrapper\debug\vc142.idb
e:\work\git\civ2-decompilation\code\c2dotnet\civ2dotnet\sdlwrapper\debug\vc142.pdb
e:\work\git\civ2-decompilation\code\c2dotnet\civ2dotnet\debug\sdlwrapper.ilk
e:\work\git\civ2-decompilation\code\c2dotnet\civ2dotnet\sdlwrapper\debug\sdlwrapper.tlog\cl.command.1.tlog
e:\work\git\civ2-decompilation\code\c2dotnet\civ2dotnet\sdlwrapper\debug\sdlwrapper.tlog\cl.read.1.tlog
e:\work\git\civ2-decompilation\code\c2dotnet\civ2dotnet\sdlwrapper\debug\sdlwrapper.tlog\cl.write.1.tlog
e:\work\git\civ2-decompilation\code\c2dotnet\civ2dotnet\sdlwrapper\debug\sdlwrapper.tlog\link.command.1.tlog
e:\work\git\civ2-decompilation\code\c2dotnet\civ2dotnet\sdlwrapper\debug\sdlwrapper.tlog\link.read.1.tlog
e:\work\git\civ2-decompilation\code\c2dotnet\civ2dotnet\sdlwrapper\debug\sdlwrapper.tlog\link.write.1.tlog
e:\work\git\civ2-decompilation\code\c2dotnet\civ2dotnet\sdlwrapper\debug\sdlwrapper.tlog\sdlwrapper.write.1u.tlog
